Running ../../bin/fastcap 2.0wr (18Sep92, mod 010114)
  Input: ../ramcell_topd.neu
Surface ../ramcell_topd.neu has 256 quads and 0 tris
  Input surfaces:
   GROUP1
    ramcell_topd.neu, conductor
      title: `RAM CELL, TOP SINI/AIR INTERFACE'
      outer permittivity: 1
      number of panels: 256
      number of extra evaluation points: 0
      translation: (0 0 0)
  Date: Wed Jan  8 17:43:01 2014
  Host: frost

INPUT SUMMARY
  Expansion order: 2
  Number of partitioning levels: 4
  Overall permittivity factor: 1
  Total number of panels: 256
    Number of conductor panels: 256
    Number of dielectric interface panels: 0
    Number of thin conductor on dielectric interface panels: 0
  Number of conductors: 1
No expansions at level 4 (lowest)
Percentage of multiplies done by multipole: 47.2%

ITERATION DATA
Starting on column 1 (SINI_TOP%GROUP1)
1 2 3 

CAPACITANCE MATRIX, nanofarads
                          1 
SINI_TOP%GROUP1 1     0.2611
