Running ../../bin/fastcap 2.0wr (18Sep92, mod 010114)
  Input: ../sphere2.neu
Surface ../sphere2.neu has 0 quads and 768 tris
  Input surfaces:
   GROUP1
    sphere2.neu, conductor
      title: `SPHERE, RADIUS 1, ELEM LEN = 0.2'
      outer permittivity: 1
      number of panels: 768
      number of extra evaluation points: 0
      translation: (0 0 0)
  Date: Wed Jan  8 17:43:01 2014
  Host: frost

INPUT SUMMARY
  Expansion order: 2
  Number of partitioning levels: 3
  Overall permittivity factor: 1
  Total number of panels: 768
    Number of conductor panels: 768
    Number of dielectric interface panels: 0
    Number of thin conductor on dielectric interface panels: 0
  Number of conductors: 1
No expansions at level 3 (lowest)
Percentage of multiplies done by multipole: 76.1%

ITERATION DATA
Starting on column 1 (SPHERE%GROUP1)
1 2 

CAPACITANCE MATRIX, nanofarads
                        1 
SPHERE%GROUP1 1     0.1105
