Running ../../bin/fastcap 2.0wr (18Sep92, mod 010114)
  Input: ../sphere3.neu
Surface ../sphere3.neu has 0 quads and 1200 tris
  Input surfaces:
   GROUP1
    sphere3.neu, conductor
      title: `SPHERE, RADIUS 1, ELEM LEN = 0.15'
      outer permittivity: 1
      number of panels: 1200
      number of extra evaluation points: 0
      translation: (0 0 0)
  Date: Wed Jan  8 16:25:42 2014
  Host: poe

INPUT SUMMARY
  Expansion order: 2
  Number of partitioning levels: 3
  Overall permittivity factor: 1
  Total number of panels: 1200
    Number of conductor panels: 1200
    Number of dielectric interface panels: 0
    Number of thin conductor on dielectric interface panels: 0
  Number of conductors: 1
Percentage of multiplies done by multipole: 77.8%

ITERATION DATA
Starting on column 1 (SPHERE%GROUP1)
1 2 

CAPACITANCE MATRIX, nanofarads
                        1 
SPHERE%GROUP1 1     0.1108
